\BOOKMARK [1][-]{section.1}{\376\377\000G\000E\000N\000E\000R\000A\000L\000\040\000I\000N\000F\000O\000R\000M\000A\000T\000I\000O\000N}{}% 1
\BOOKMARK [1][-]{section.2}{\376\377\000D\000O\000W\000N\000L\000O\000A\000D\000\040\000A\000N\000D\000\040\000I\000N\000S\000T\000A\000L\000L\000A\000T\000I\000O\000N}{}% 2
\BOOKMARK [2][-]{subsection.2.1}{\376\377\000D\000o\000w\000n\000l\000o\000a\000d}{section.2}% 3
\BOOKMARK [2][-]{subsection.2.2}{\376\377\000I\000n\000s\000t\000a\000l\000l\000a\000t\000i\000o\000n}{section.2}% 4
\BOOKMARK [1][-]{section.3}{\376\377\000S\000Y\000N\000O\000P\000S\000I\000S}{}% 5
\BOOKMARK [1][-]{section.4}{\376\377\000O\000P\000T\000I\000O\000N\000S}{}% 6
\BOOKMARK [2][-]{subsection.4.1}{\376\377\000I\000n\000p\000u\000t\000\040\000O\000p\000t\000i\000o\000n\000s}{section.4}% 7
\BOOKMARK [2][-]{subsection.4.2}{\376\377\000A\000n\000a\000l\000y\000s\000i\000s\000\040\000O\000p\000t\000i\000o\000n\000s}{section.4}% 8
\BOOKMARK [2][-]{subsection.4.3}{\376\377\000O\000u\000t\000p\000u\000t\000\040\000O\000p\000t\000i\000o\000n\000s}{section.4}% 9
\BOOKMARK [1][-]{section.5}{\376\377\000I\000N\000P\000U\000T\000\040\000F\000I\000L\000E\000S}{}% 10
\BOOKMARK [2][-]{subsection.5.1}{\376\377\000P\000h\000e\000n\000o\000t\000y\000p\000e\000\040\000F\000i\000l\000e\000\040\000\050\000p\000h\000e\000n\000o\000\137\000f\000i\000l\000e\000\051}{section.5}% 11
\BOOKMARK [2][-]{subsection.5.2}{\376\377\000V\000C\000F\000\040\000F\000i\000l\000e\000\040\000\050\000v\000c\000f\000\137\000f\000i\000l\000e\000.\000g\000z\000\051}{section.5}% 12
\BOOKMARK [2][-]{subsection.5.3}{\376\377\000P\000a\000i\000r\000w\000i\000s\000e\000\040\000I\000n\000c\000l\000u\000s\000i\000o\000n\000\040\000P\000r\000o\000b\000a\000b\000i\000l\000i\000t\000y\000\040\000M\000a\000t\000r\000i\000x}{section.5}% 13
\BOOKMARK [2][-]{subsection.5.4}{\376\377\000F\000i\000l\000e\000\040\000t\000h\000a\000t\000\040\000C\000o\000n\000t\000a\000i\000n\000s\000\040\000t\000h\000e\000\040\000F\000i\000l\000e\000\040\000N\000a\000m\000e\000s\000\040\000o\000f\000\040\000t\000h\000e\000\040\000P\000a\000i\000r\000w\000i\000s\000e\000\040\000I\000n\000c\000l\000u\000s\000i\000o\000n\000\040\000P\000r\000o\000b\000a\000b\000i\000l\000i\000t\000y\000\040\000M\000a\000t\000r\000i\000c\000e\000s\000\040\000\050\000p\000r\000o\000b\000\137\000f\000i\000l\000e\000\051}{section.5}% 14
\BOOKMARK [2][-]{subsection.5.5}{\376\377\000F\000i\000l\000e\000\040\000t\000h\000a\000t\000\040\000C\000o\000n\000t\000a\000i\000n\000s\000\040\000t\000h\000e\000\040\000V\000a\000r\000i\000a\000n\000t\000s\000\040\000f\000o\000r\000\040\000C\000o\000n\000d\000i\000t\000i\000o\000n\000a\000l\000\040\000A\000n\000a\000l\000y\000s\000i\000s\000\040\000\050\000c\000o\000n\000d\000\137\000f\000i\000l\000e\000\051}{section.5}% 15
\BOOKMARK [2][-]{subsection.5.6}{\376\377\000F\000i\000l\000e\000\040\000t\000h\000a\000t\000\040\000C\000o\000n\000t\000a\000i\000n\000s\000\040\000V\000a\000r\000i\000a\000n\000t\000s\000'\000\040\000G\000r\000o\000u\000p\000i\000n\000g\000\040\000I\000n\000f\000o\000r\000m\000a\000t\000i\000o\000n\000\040\000i\000n\000\040\000G\000e\000n\000e\000-\000b\000a\000s\000e\000d\000\040\000A\000n\000a\000l\000y\000s\000i\000s\000\040\000\050\000g\000r\000o\000u\000p\000\137\000f\000i\000l\000e\000\051}{section.5}% 16
\BOOKMARK [2][-]{subsection.5.7}{\376\377\000F\000i\000l\000e\000\040\000t\000h\000a\000t\000\040\000C\000o\000n\000t\000a\000i\000n\000s\000\040\000t\000h\000e\000\040\000S\000u\000b\000s\000e\000t\000\040\000o\000f\000\040\000V\000a\000r\000i\000a\000n\000t\000s\000\040\000t\000o\000\040\000b\000e\000\040\000A\000n\000a\000l\000y\000z\000e\000d\000\040\000i\000n\000\040\000S\000i\000n\000g\000l\000e\000-\000V\000a\000r\000i\000a\000n\000t\000\040\000A\000n\000a\000l\000y\000s\000i\000s\000\040\000\050\000e\000x\000t\000r\000a\000c\000t\000\137\000f\000i\000l\000e\000\051}{section.5}% 17
\BOOKMARK [1][-]{section.6}{\376\377\000O\000U\000T\000P\000U\000T\000\040\000F\000I\000L\000E\000S}{}% 18
\BOOKMARK [2][-]{subsection.6.1}{\376\377\000W\000a\000l\000d\000\040\000S\000t\000a\000t\000i\000s\000t\000i\000c\000s}{section.6}% 19
\BOOKMARK [3][-]{subsubsection.6.1.1}{\376\377\000S\000i\000n\000g\000l\000e\000-\000V\000a\000r\000i\000a\000n\000t\000\040\000A\000n\000a\000l\000y\000s\000i\000s\000\040\000R\000e\000s\000u\000l\000t\000s\000\040\000\050\000p\000r\000e\000f\000i\000x\000.\000w\000a\000l\000d\000.\000o\000u\000t\000\051}{subsection.6.1}% 20
\BOOKMARK [2][-]{subsection.6.2}{\376\377\000S\000c\000o\000r\000e\000\040\000S\000t\000a\000t\000i\000s\000t\000i\000c\000s}{section.6}% 21
\BOOKMARK [3][-]{subsubsection.6.2.1}{\376\377\000S\000i\000n\000g\000l\000e\000-\000V\000a\000r\000i\000a\000n\000t\000\040\000A\000n\000a\000l\000y\000s\000i\000s\000\040\000R\000e\000s\000u\000l\000t\000s\000\040\000\050\000p\000r\000e\000f\000i\000x\000.\000s\000c\000o\000r\000e\000.\000o\000u\000t\000\051}{subsection.6.2}% 22
\BOOKMARK [3][-]{subsubsection.6.2.2}{\376\377\000G\000e\000n\000e\000-\000B\000a\000s\000e\000d\000\040\000S\000u\000m\000m\000a\000r\000y\000\040\000S\000t\000a\000t\000i\000s\000t\000i\000c\000s\000\040\000\050\000p\000r\000e\000f\000i\000x\000.\000m\000a\000s\000s\000.\000o\000u\000t\000\051}{subsection.6.2}% 23
\BOOKMARK [1][-]{section.7}{\376\377\000V\000E\000R\000S\000I\000O\000N\000\040\000H\000I\000S\000T\000O\000R\000Y}{}% 24
